c:\users\administration\desktop\我的代码库\vs\make\debug\make.pdb
c:\users\administration\desktop\我的代码库\vs\make\debug\make.idb
c:\users\administration\desktop\我的代码库\vs\make\debug\my_lib_code.obj
c:\users\administration\desktop\我的代码库\vs\make\debug\vc142.pdb
c:\users\administration\desktop\我的代码库\vs\make\debug\vc142.idb
c:\users\administration\desktop\我的代码库\vs\make\debug\test.obj
c:\users\administration\desktop\我的代码库\vs\make\debug\make.lib
c:\users\administration\desktop\我的代码库\vs\make\debug\make.ilk
c:\users\administration\desktop\我的代码库\vs\make\debug\make.exe
c:\users\administration\desktop\我的代码库\vs\make\debug\lnk{f68b5d6f-dfb1-4a6a-abfe-bea68d2237a4}.tmp
c:\users\administration\desktop\我的代码库\vs\make\debug\make.tlog\cl.command.1.tlog
c:\users\administration\desktop\我的代码库\vs\make\debug\make.tlog\cl.read.1.tlog
c:\users\administration\desktop\我的代码库\vs\make\debug\make.tlog\cl.write.1.tlog
c:\users\administration\desktop\我的代码库\vs\make\debug\make.tlog\lib-link.read.1.tlog
c:\users\administration\desktop\我的代码库\vs\make\debug\make.tlog\lib-link.write.1.tlog
c:\users\administration\desktop\我的代码库\vs\make\debug\make.tlog\lib.command.1.tlog
c:\users\administration\desktop\我的代码库\vs\make\debug\make.tlog\link.command.1.tlog
c:\users\administration\desktop\我的代码库\vs\make\debug\make.tlog\link.delete.1.tlog
c:\users\administration\desktop\我的代码库\vs\make\debug\make.tlog\link.read.1.tlog
c:\users\administration\desktop\我的代码库\vs\make\debug\make.tlog\link.write.1.tlog
c:\users\administration\desktop\我的代码库\vs\make\debug\make.tlog\make.write.1u.tlog
